C51 COMPILER V9.60.0.0   HCMS200X                                                          06/03/2023 19:42:46 PAGE 1   


C51 COMPILER V9.60.0.0, COMPILATION OF MODULE HCMS200X
OBJECT MODULE PLACED IN .\Objects\hcms200x.obj
COMPILER INVOKED BY: C:\Keil_v5\C51\BIN\C51.EXE hcms200x.c OPTIMIZE(8,SPEED) BROWSE DEBUG OBJECTEXTEND PRINT(.\Listings\
                    -hcms200x.lst) TABS(2) OBJECT(.\Objects\hcms200x.obj)

line level    source

   1          #include "hcms200x.h"
   2          #include "font.h"
   3          
   4          static void hcms_clk_delay();
   5          static void hcms_push_7bit(uint8_t x);
   6          static void hcms_col_delay();
   7          static void hcms_scroll_delay();
   8          
   9          void hcms_gpio_init()
  10          {
  11   1        // P1.0 OD
  12   1        P1M0 |= (1 << 0); 
  13   1        P1M1 |= (1 << 0);
  14   1        
  15   1        // P3.7..4 OD
  16   1        P3M0 |= (1 << 7) | (1 << 6) | (1 << 3) | (1 << 2); 
  17   1        P3M1 |= (1 << 7) | (1 << 6) | (1 << 3) | (1 << 2);
  18   1        
  19   1        // P1.1..2 BIDIR
  20   1        P1M0 &= ~((1 << 1) | (1 << 2));
  21   1        P1M1 &= ~((1 << 1) | (1 << 2));
  22   1      }
  23          
  24          void hcms_clear()
  25          {
  26   1        uint16_t i;
  27   1        
  28   1        HCMS_CLK = 1;
  29   1        HCMS_DATA = 0;
  30   1        
  31   1        for (i = 0; i < 28; ++i)
  32   1        {
  33   2          hcms_clk_delay();
  34   2          HCMS_CLK = 0;
  35   2          hcms_clk_delay();
  36   2          HCMS_CLK = 1;
  37   2        }
  38   1      }
  39          
  40          // Length of str is 4, no termination
  41          void hcms_display_string(uint8_t* str)
  42          { 
  43   1        hcms_push_7bit(font[str[3] - 32][0]);
  44   1        hcms_push_7bit(font[str[2] - 32][0]);
  45   1        hcms_push_7bit(font[str[1] - 32][0]);
  46   1        hcms_push_7bit(font[str[0] - 32][0]);
  47   1        HCMS_COL1 = 0;
  48   1        hcms_col_delay();
  49   1        HCMS_COL1 = 1;
  50   1        
  51   1        hcms_push_7bit(font[str[3] - 32][1]);
  52   1        hcms_push_7bit(font[str[2] - 32][1]);
  53   1        hcms_push_7bit(font[str[1] - 32][1]);
  54   1        hcms_push_7bit(font[str[0] - 32][1]);
C51 COMPILER V9.60.0.0   HCMS200X                                                          06/03/2023 19:42:46 PAGE 2   

  55   1        HCMS_COL2 = 0;
  56   1        hcms_col_delay();
  57   1        HCMS_COL2 = 1;
  58   1        
  59   1        hcms_push_7bit(font[str[3] - 32][2]);
  60   1        hcms_push_7bit(font[str[2] - 32][2]);
  61   1        hcms_push_7bit(font[str[1] - 32][2]);
  62   1        hcms_push_7bit(font[str[0] - 32][2]);
  63   1        HCMS_COL3 = 0;
  64   1        hcms_col_delay();
  65   1        HCMS_COL3 = 1;
  66   1        
  67   1        hcms_push_7bit(font[str[3] - 32][3]);
  68   1        hcms_push_7bit(font[str[2] - 32][3]);
  69   1        hcms_push_7bit(font[str[1] - 32][3]);
  70   1        hcms_push_7bit(font[str[0] - 32][3]);
  71   1        HCMS_COL4 = 0;
  72   1        hcms_col_delay();
  73   1        HCMS_COL4 = 1;
  74   1        
  75   1        hcms_push_7bit(font[str[3] - 32][4]);
  76   1        hcms_push_7bit(font[str[2] - 32][4]);
  77   1        hcms_push_7bit(font[str[1] - 32][4]);
  78   1        hcms_push_7bit(font[str[0] - 32][4]);
  79   1        HCMS_COL5 = 0;
  80   1        hcms_col_delay();
  81   1        HCMS_COL5 = 1;
  82   1      }
  83          
  84          void hcms_display_string_scroll(uint8_t* str, uint8_t len)
  85          {
  86   1        uint8_t i;
  87   1        uint32_t j;
  88   1        
  89   1        for (i = 0; i < len - 4; ++i)
  90   1        {
  91   2          for (j = 0; j < 150; ++j)
  92   2            hcms_display_string(str);
  93   2          ++str;
  94   2        }
  95   1      
  96   1      }
  97          
  98          // MSB is ignored
  99          static void hcms_push_7bit(uint8_t x)
 100          {
 101   1        uint8_t i;
 102   1        
 103   1        HCMS_CLK = 1;
 104   1        
 105   1        for (i = 0; i < 7; ++i)
 106   1        {
 107   2          HCMS_DATA = x & (1 << 6);
 108   2          hcms_clk_delay();
 109   2          HCMS_CLK = 0;
 110   2          hcms_clk_delay();
 111   2          HCMS_CLK = 1;
 112   2          x <<= 1;
 113   2        }
 114   1      }
 115          
 116          static void hcms_col_delay()
C51 COMPILER V9.60.0.0   HCMS200X                                                          06/03/2023 19:42:46 PAGE 3   

 117          {
 118   1        unsigned char i, j;
 119   1      
 120   1        i = 18;
 121   1        j = 2;
 122   1        do
 123   1        {
 124   2          while (--j);
 125   2        } while (--i);
 126   1      }
 127          
 128          static void hcms_clk_delay()
 129          {
 130   1        unsigned char i;
 131   1      
 132   1        _nop_();
 133   1        i = 6;
 134   1        while (--i);
 135   1      }
 136          


MODULE INFORMATION:   STATIC OVERLAYABLE
   CODE SIZE        =    733    ----
   CONSTANT SIZE    =   ----    ----
   XDATA SIZE       =   ----    ----
   PDATA SIZE       =   ----    ----
   DATA SIZE        =   ----      16
   IDATA SIZE       =   ----    ----
   BIT SIZE         =   ----    ----
END OF MODULE INFORMATION.


C51 COMPILATION COMPLETE.  0 WARNING(S),  0 ERROR(S)
