C51 COMPILER V9.60.0.0   MAIN                                                              06/03/2023 19:42:46 PAGE 1   


C51 COMPILER V9.60.0.0, COMPILATION OF MODULE MAIN
OBJECT MODULE PLACED IN .\Objects\main.obj
COMPILER INVOKED BY: C:\Keil_v5\C51\BIN\C51.EXE main.c OPTIMIZE(8,SPEED) BROWSE DEBUG OBJECTEXTEND PRINT(.\Listings\main
                    -.lst) TABS(2) OBJECT(.\Objects\main.obj)

line level    source

   1          #include "hcms200x.h"
   2          
   3          #include <stc15.h>
   4          #include <intrins.h>
   5          
   6          #include <stdint.h>
   7          #include <string.h>
   8          
   9          void main()
  10          {
  11   1        code uint8_t str[] = "    JimmyToluene is the father    ";
  12   1        hcms_gpio_init();
  13   1        hcms_clear();
  14   1        
  15   1        while (1)
  16   1        {
  17   2          hcms_display_string_scroll(str, strlen(str));
  18   2        }
  19   1      }
  20          
  21          
  22          


MODULE INFORMATION:   STATIC OVERLAYABLE
   CODE SIZE        =     28    ----
   CONSTANT SIZE    =     35    ----
   XDATA SIZE       =   ----    ----
   PDATA SIZE       =   ----    ----
   DATA SIZE        =   ----    ----
   IDATA SIZE       =   ----    ----
   BIT SIZE         =   ----    ----
END OF MODULE INFORMATION.


C51 COMPILATION COMPLETE.  0 WARNING(S),  0 ERROR(S)
